[ 2017-08-30T00:03:05+08:00 ] 127.0.0.1 /index.php/Admin/Admin/lst.html
INFO: [ app_init ] --START--
INFO: Run Behavior\BuildLiteBehavior [ RunTime:0.000007s ]
INFO: [ app_init ] --END-- [ RunTime:0.000306s ]
INFO: [ app_begin ] --START--
INFO: Run Behavior\ReadHtmlCacheBehavior [ RunTime:0.000301s ]
INFO: [ app_begin ] --END-- [ RunTime:0.000326s ]
NOTIC: [8192] mysql_connect(): The mysql extension is deprecated and will be removed in the future: use mysqli or PDO instead D:\php\phpStudy\WWW\webshop\ThinkPHP\Library\Think\Db\Driver\Mysql.class.php 第 52 行.
SQL: SHOW COLUMNS FROM `jxshop_admin` [ RunTime:0.002405s ]
SQL: SELECT COUNT(*) AS tp_count FROM jxshop_admin a LIMIT 1   [ RunTime:0.000148s ]
SQL: SELECT * FROM jxshop_admin a GROUP BY a.id LIMIT 0,20   [ RunTime:0.000182s ]
INFO: [ view_parse ] --START--
INFO: [ template_filter ] --START--
INFO: Run Behavior\ContentReplaceBehavior [ RunTime:0.000024s ]
INFO: [ template_filter ] --END-- [ RunTime:0.000063s ]
INFO: Run Behavior\ParseTemplateBehavior [ RunTime:0.003735s ]
INFO: [ view_parse ] --END-- [ RunTime:0.003762s ]
INFO: [ view_filter ] --START--
INFO: Run Behavior\WriteHtmlCacheBehavior [ RunTime:0.000252s ]
INFO: [ view_filter ] --END-- [ RunTime:0.000275s ]
INFO: [ app_end ] --START--
INFO: Run Behavior\ShowPageTraceBehavior [ RunTime:0.000378s ]
INFO: [ app_end ] --END-- [ RunTime:0.000401s ]

[ 2017-08-30T00:03:07+08:00 ] 127.0.0.1 /index.php/Admin/Admin/edit/id/6.html
INFO: [ app_init ] --START--
INFO: Run Behavior\BuildLiteBehavior [ RunTime:0.000008s ]
INFO: [ app_init ] --END-- [ RunTime:0.000371s ]
INFO: [ app_begin ] --START--
INFO: Run Behavior\ReadHtmlCacheBehavior [ RunTime:0.000600s ]
INFO: [ app_begin ] --END-- [ RunTime:0.000653s ]
NOTIC: [8192] mysql_connect(): The mysql extension is deprecated and will be removed in the future: use mysqli or PDO instead D:\php\phpStudy\WWW\webshop\ThinkPHP\Library\Think\Db\Driver\Mysql.class.php 第 52 行.
SQL: SHOW COLUMNS FROM `jxshop_admin` [ RunTime:0.002388s ]
SQL: SELECT * FROM `jxshop_admin` WHERE ( `id` = 6 ) LIMIT 1   [ RunTime:0.000240s ]
SQL: SHOW COLUMNS FROM `jxshop_admin_role` [ RunTime:0.002709s ]
SQL: SELECT GROUP_CONCAT(role_id) rid FROM `jxshop_admin_role` WHERE ( `admin_id` = '6' ) LIMIT 1   [ RunTime:0.000243s ]
INFO: [ view_parse ] --START--
INFO: [ template_filter ] --START--
INFO: Run Behavior\ContentReplaceBehavior [ RunTime:0.000027s ]
INFO: [ template_filter ] --END-- [ RunTime:0.000058s ]
NOTIC: [2] Illegal string offset 'id' D:\php\phpStudy\WWW\webshop\Application\Runtime\Cache\Admin\b64e0870e99206b74f3c41c0218e59fb.php 第 31 行.
NOTIC: [8] Undefined variable: check D:\php\phpStudy\WWW\webshop\Application\Runtime\Cache\Admin\b64e0870e99206b74f3c41c0218e59fb.php 第 31 行.
NOTIC: [2] Illegal string offset 'role_name' D:\php\phpStudy\WWW\webshop\Application\Runtime\Cache\Admin\b64e0870e99206b74f3c41c0218e59fb.php 第 31 行.
INFO: Run Behavior\ParseTemplateBehavior [ RunTime:0.004422s ]
INFO: [ view_parse ] --END-- [ RunTime:0.004447s ]
INFO: [ view_filter ] --START--
INFO: Run Behavior\WriteHtmlCacheBehavior [ RunTime:0.000252s ]
INFO: [ view_filter ] --END-- [ RunTime:0.000273s ]
INFO: [ app_end ] --START--
INFO: Run Behavior\ShowPageTraceBehavior [ RunTime:0.000346s ]
INFO: [ app_end ] --END-- [ RunTime:0.000368s ]

[ 2017-08-30T00:03:46+08:00 ] 127.0.0.1 /index.php/admin/index/index
INFO: [ app_init ] --START--
INFO: Run Behavior\BuildLiteBehavior [ RunTime:0.000007s ]
INFO: [ app_init ] --END-- [ RunTime:0.000352s ]
INFO: [ app_begin ] --START--
INFO: Run Behavior\ReadHtmlCacheBehavior [ RunTime:0.000571s ]
INFO: [ app_begin ] --END-- [ RunTime:0.000649s ]
INFO: [ view_parse ] --START--
INFO: [ template_filter ] --START--
INFO: Run Behavior\ContentReplaceBehavior [ RunTime:0.000018s ]
INFO: [ template_filter ] --END-- [ RunTime:0.000050s ]
INFO: Run Behavior\ParseTemplateBehavior [ RunTime:0.008793s ]
INFO: [ view_parse ] --END-- [ RunTime:0.008824s ]
INFO: [ view_filter ] --START--
INFO: Run Behavior\WriteHtmlCacheBehavior [ RunTime:0.000229s ]
INFO: [ view_filter ] --END-- [ RunTime:0.000248s ]
INFO: [ app_end ] --START--
INFO: Run Behavior\ShowPageTraceBehavior [ RunTime:0.000400s ]
INFO: [ app_end ] --END-- [ RunTime:0.000421s ]

[ 2017-08-30T00:03:47+08:00 ] 127.0.0.1 /index.php/admin/index/top.html
INFO: [ app_init ] --START--
INFO: Run Behavior\BuildLiteBehavior [ RunTime:0.000007s ]
INFO: [ app_init ] --END-- [ RunTime:0.000300s ]
INFO: [ app_begin ] --START--
INFO: Run Behavior\ReadHtmlCacheBehavior [ RunTime:0.000567s ]
INFO: [ app_begin ] --END-- [ RunTime:0.000666s ]
INFO: [ view_parse ] --START--
INFO: [ template_filter ] --START--
INFO: Run Behavior\ContentReplaceBehavior [ RunTime:0.000033s ]
INFO: [ template_filter ] --END-- [ RunTime:0.000086s ]
INFO: Run Behavior\ParseTemplateBehavior [ RunTime:0.004754s ]
INFO: [ view_parse ] --END-- [ RunTime:0.004784s ]
INFO: [ view_filter ] --START--
INFO: Run Behavior\WriteHtmlCacheBehavior [ RunTime:0.000235s ]
INFO: [ view_filter ] --END-- [ RunTime:0.000256s ]
INFO: [ app_end ] --START--
INFO: Run Behavior\ShowPageTraceBehavior [ RunTime:0.000350s ]
INFO: [ app_end ] --END-- [ RunTime:0.000373s ]

[ 2017-08-30T00:03:48+08:00 ] 127.0.0.1 /index.php/admin/index/main.html
INFO: [ app_init ] --START--
INFO: Run Behavior\BuildLiteBehavior [ RunTime:0.000012s ]
INFO: [ app_init ] --END-- [ RunTime:0.000347s ]
INFO: [ app_begin ] --START--
INFO: Run Behavior\ReadHtmlCacheBehavior [ RunTime:0.000556s ]
INFO: [ app_begin ] --END-- [ RunTime:0.000597s ]
INFO: [ view_parse ] --START--
INFO: [ template_filter ] --START--
INFO: Run Behavior\ContentReplaceBehavior [ RunTime:0.000026s ]
INFO: [ template_filter ] --END-- [ RunTime:0.000074s ]
INFO: Run Behavior\ParseTemplateBehavior [ RunTime:0.004484s ]
INFO: [ view_parse ] --END-- [ RunTime:0.004519s ]
INFO: [ view_filter ] --START--
INFO: Run Behavior\WriteHtmlCacheBehavior [ RunTime:0.000296s ]
INFO: [ view_filter ] --END-- [ RunTime:0.000318s ]
INFO: [ app_end ] --START--
INFO: Run Behavior\ShowPageTraceBehavior [ RunTime:0.000354s ]
INFO: [ app_end ] --END-- [ RunTime:0.000380s ]

[ 2017-08-30T00:03:48+08:00 ] 127.0.0.1 /index.php/admin/index/menu.html
INFO: [ app_init ] --START--
INFO: Run Behavior\BuildLiteBehavior [ RunTime:0.000021s ]
INFO: [ app_init ] --END-- [ RunTime:0.000432s ]
INFO: [ app_begin ] --START--
INFO: Run Behavior\ReadHtmlCacheBehavior [ RunTime:0.000474s ]
INFO: [ app_begin ] --END-- [ RunTime:0.000503s ]
INFO: [ view_parse ] --START--
INFO: [ template_filter ] --START--
INFO: Run Behavior\ContentReplaceBehavior [ RunTime:0.000048s ]
INFO: [ template_filter ] --END-- [ RunTime:0.000081s ]
INFO: Run Behavior\ParseTemplateBehavior [ RunTime:0.011000s ]
INFO: [ view_parse ] --END-- [ RunTime:0.011028s ]
INFO: [ view_filter ] --START--
INFO: Run Behavior\WriteHtmlCacheBehavior [ RunTime:0.000201s ]
INFO: [ view_filter ] --END-- [ RunTime:0.000222s ]
INFO: [ app_end ] --START--
INFO: Run Behavior\ShowPageTraceBehavior [ RunTime:0.000424s ]
INFO: [ app_end ] --END-- [ RunTime:0.000472s ]

[ 2017-08-30T00:03:50+08:00 ] 127.0.0.1 /index.php/Admin/Admin/lst.html
INFO: [ app_init ] --START--
INFO: Run Behavior\BuildLiteBehavior [ RunTime:0.000007s ]
INFO: [ app_init ] --END-- [ RunTime:0.000322s ]
INFO: [ app_begin ] --START--
INFO: Run Behavior\ReadHtmlCacheBehavior [ RunTime:0.000407s ]
INFO: [ app_begin ] --END-- [ RunTime:0.000434s ]
NOTIC: [8192] mysql_connect(): The mysql extension is deprecated and will be removed in the future: use mysqli or PDO instead D:\php\phpStudy\WWW\webshop\ThinkPHP\Library\Think\Db\Driver\Mysql.class.php 第 52 行.
SQL: SHOW COLUMNS FROM `jxshop_admin` [ RunTime:0.002667s ]
SQL: SELECT COUNT(*) AS tp_count FROM jxshop_admin a LIMIT 1   [ RunTime:0.000246s ]
SQL: SELECT * FROM jxshop_admin a GROUP BY a.id LIMIT 0,20   [ RunTime:0.000285s ]
INFO: [ view_parse ] --START--
INFO: [ template_filter ] --START--
INFO: Run Behavior\ContentReplaceBehavior [ RunTime:0.000020s ]
INFO: [ template_filter ] --END-- [ RunTime:0.000046s ]
INFO: Run Behavior\ParseTemplateBehavior [ RunTime:0.003572s ]
INFO: [ view_parse ] --END-- [ RunTime:0.003597s ]
INFO: [ view_filter ] --START--
INFO: Run Behavior\WriteHtmlCacheBehavior [ RunTime:0.000227s ]
INFO: [ view_filter ] --END-- [ RunTime:0.000250s ]
INFO: [ app_end ] --START--
INFO: Run Behavior\ShowPageTraceBehavior [ RunTime:0.000385s ]
INFO: [ app_end ] --END-- [ RunTime:0.000408s ]

[ 2017-08-30T00:03:53+08:00 ] 127.0.0.1 /index.php/Admin/Admin/edit/id/6.html
INFO: [ app_init ] --START--
INFO: Run Behavior\BuildLiteBehavior [ RunTime:0.000007s ]
INFO: [ app_init ] --END-- [ RunTime:0.000305s ]
INFO: [ app_begin ] --START--
INFO: Run Behavior\ReadHtmlCacheBehavior [ RunTime:0.000437s ]
INFO: [ app_begin ] --END-- [ RunTime:0.000478s ]
NOTIC: [8192] mysql_connect(): The mysql extension is deprecated and will be removed in the future: use mysqli or PDO instead D:\php\phpStudy\WWW\webshop\ThinkPHP\Library\Think\Db\Driver\Mysql.class.php 第 52 行.
SQL: SHOW COLUMNS FROM `jxshop_admin` [ RunTime:0.003297s ]
SQL: SELECT * FROM `jxshop_admin` WHERE ( `id` = 6 ) LIMIT 1   [ RunTime:0.000253s ]
SQL: SHOW COLUMNS FROM `jxshop_admin_role` [ RunTime:0.002069s ]
SQL: SELECT GROUP_CONCAT(role_id) rid FROM `jxshop_admin_role` WHERE ( `admin_id` = '6' ) LIMIT 1   [ RunTime:0.000245s ]
INFO: [ view_parse ] --START--
INFO: [ template_filter ] --START--
INFO: Run Behavior\ContentReplaceBehavior [ RunTime:0.000023s ]
INFO: [ template_filter ] --END-- [ RunTime:0.000049s ]

[ 2017-08-30T00:05:11+08:00 ] 127.0.0.1 /index.php/Admin/Admin/lst.html
INFO: [ app_init ] --START--
INFO: Run Behavior\BuildLiteBehavior [ RunTime:0.000007s ]
INFO: [ app_init ] --END-- [ RunTime:0.000297s ]
INFO: [ app_begin ] --START--
INFO: Run Behavior\ReadHtmlCacheBehavior [ RunTime:0.000325s ]
INFO: [ app_begin ] --END-- [ RunTime:0.000350s ]
NOTIC: [8192] mysql_connect(): The mysql extension is deprecated and will be removed in the future: use mysqli or PDO instead D:\php\phpStudy\WWW\webshop\ThinkPHP\Library\Think\Db\Driver\Mysql.class.php 第 52 行.
SQL: SHOW COLUMNS FROM `jxshop_admin` [ RunTime:0.002942s ]
SQL: SELECT COUNT(*) AS tp_count FROM jxshop_admin a LIMIT 1   [ RunTime:0.000290s ]
SQL: SELECT * FROM jxshop_admin a GROUP BY a.id LIMIT 0,20   [ RunTime:0.000286s ]
INFO: [ view_parse ] --START--
INFO: [ template_filter ] --START--
INFO: Run Behavior\ContentReplaceBehavior [ RunTime:0.000022s ]
INFO: [ template_filter ] --END-- [ RunTime:0.000050s ]
INFO: Run Behavior\ParseTemplateBehavior [ RunTime:0.004558s ]
INFO: [ view_parse ] --END-- [ RunTime:0.004587s ]
INFO: [ view_filter ] --START--
INFO: Run Behavior\WriteHtmlCacheBehavior [ RunTime:0.000331s ]
INFO: [ view_filter ] --END-- [ RunTime:0.000354s ]
INFO: [ app_end ] --START--
INFO: Run Behavior\ShowPageTraceBehavior [ RunTime:0.000369s ]
INFO: [ app_end ] --END-- [ RunTime:0.000392s ]

[ 2017-08-30T00:05:14+08:00 ] 127.0.0.1 /index.php/Admin/Admin/edit/id/6.html
INFO: [ app_init ] --START--
INFO: Run Behavior\BuildLiteBehavior [ RunTime:0.000007s ]
INFO: [ app_init ] --END-- [ RunTime:0.000313s ]
INFO: [ app_begin ] --START--
INFO: Run Behavior\ReadHtmlCacheBehavior [ RunTime:0.000339s ]
INFO: [ app_begin ] --END-- [ RunTime:0.000365s ]
NOTIC: [8192] mysql_connect(): The mysql extension is deprecated and will be removed in the future: use mysqli or PDO instead D:\php\phpStudy\WWW\webshop\ThinkPHP\Library\Think\Db\Driver\Mysql.class.php 第 52 行.
SQL: SHOW COLUMNS FROM `jxshop_admin` [ RunTime:0.002347s ]
SQL: SELECT * FROM `jxshop_admin` WHERE ( `id` = 6 ) LIMIT 1   [ RunTime:0.000209s ]
SQL: SHOW COLUMNS FROM `jxshop_admin_role` [ RunTime:0.002431s ]
SQL: SELECT GROUP_CONCAT(role_id) rid FROM `jxshop_admin_role` WHERE ( `admin_id` = '6' ) LIMIT 1   [ RunTime:0.000571s ]
INFO: [ view_parse ] --START--
INFO: [ template_filter ] --START--
INFO: Run Behavior\ContentReplaceBehavior [ RunTime:0.000026s ]
INFO: [ template_filter ] --END-- [ RunTime:0.000053s ]

[ 2017-08-30T00:06:17+08:00 ] 127.0.0.1 /index.php/Admin/Admin/lst.html
INFO: [ app_init ] --START--
INFO: Run Behavior\BuildLiteBehavior [ RunTime:0.000007s ]
INFO: [ app_init ] --END-- [ RunTime:0.000252s ]
INFO: [ app_begin ] --START--
INFO: Run Behavior\ReadHtmlCacheBehavior [ RunTime:0.000283s ]
INFO: [ app_begin ] --END-- [ RunTime:0.000309s ]
NOTIC: [8192] mysql_connect(): The mysql extension is deprecated and will be removed in the future: use mysqli or PDO instead D:\php\phpStudy\WWW\webshop\ThinkPHP\Library\Think\Db\Driver\Mysql.class.php 第 52 行.
SQL: SHOW COLUMNS FROM `jxshop_admin` [ RunTime:0.002593s ]
SQL: SELECT COUNT(*) AS tp_count FROM jxshop_admin a LIMIT 1   [ RunTime:0.000171s ]
SQL: SELECT * FROM jxshop_admin a GROUP BY a.id LIMIT 0,20   [ RunTime:0.000228s ]
INFO: [ view_parse ] --START--
INFO: [ template_filter ] --START--
INFO: Run Behavior\ContentReplaceBehavior [ RunTime:0.000021s ]
INFO: [ template_filter ] --END-- [ RunTime:0.000049s ]
INFO: Run Behavior\ParseTemplateBehavior [ RunTime:0.004079s ]
INFO: [ view_parse ] --END-- [ RunTime:0.004113s ]
INFO: [ view_filter ] --START--
INFO: Run Behavior\WriteHtmlCacheBehavior [ RunTime:0.000311s ]
INFO: [ view_filter ] --END-- [ RunTime:0.000352s ]
INFO: [ app_end ] --START--
INFO: Run Behavior\ShowPageTraceBehavior [ RunTime:0.000429s ]
INFO: [ app_end ] --END-- [ RunTime:0.000466s ]

[ 2017-08-30T00:06:19+08:00 ] 127.0.0.1 /index.php/Admin/Admin/edit/id/6.html
INFO: [ app_init ] --START--
INFO: Run Behavior\BuildLiteBehavior [ RunTime:0.000007s ]
INFO: [ app_init ] --END-- [ RunTime:0.000361s ]
INFO: [ app_begin ] --START--
INFO: Run Behavior\ReadHtmlCacheBehavior [ RunTime:0.000343s ]
INFO: [ app_begin ] --END-- [ RunTime:0.000381s ]
NOTIC: [8192] mysql_connect(): The mysql extension is deprecated and will be removed in the future: use mysqli or PDO instead D:\php\phpStudy\WWW\webshop\ThinkPHP\Library\Think\Db\Driver\Mysql.class.php 第 52 行.
SQL: SHOW COLUMNS FROM `jxshop_admin` [ RunTime:0.002216s ]
SQL: SELECT * FROM `jxshop_admin` WHERE ( `id` = 6 ) LIMIT 1   [ RunTime:0.000173s ]
SQL: SHOW COLUMNS FROM `jxshop_admin_role` [ RunTime:0.002017s ]
SQL: SELECT GROUP_CONCAT(role_id) rid FROM `jxshop_admin_role` WHERE ( `admin_id` = '6' ) LIMIT 1   [ RunTime:0.000224s ]
INFO: [ view_parse ] --START--
INFO: [ template_filter ] --START--
INFO: Run Behavior\ContentReplaceBehavior [ RunTime:0.000025s ]
INFO: [ template_filter ] --END-- [ RunTime:0.000051s ]
NOTIC: [2] Illegal string offset 'id' D:\php\phpStudy\WWW\webshop\Application\Runtime\Cache\Admin\b64e0870e99206b74f3c41c0218e59fb.php 第 25 行.
NOTIC: [2] Illegal string offset 'id' D:\php\phpStudy\WWW\webshop\Application\Runtime\Cache\Admin\b64e0870e99206b74f3c41c0218e59fb.php 第 26 行.
NOTIC: [2] Illegal string offset 'role_name' D:\php\phpStudy\WWW\webshop\Application\Runtime\Cache\Admin\b64e0870e99206b74f3c41c0218e59fb.php 第 26 行.
INFO: Run Behavior\ParseTemplateBehavior [ RunTime:0.003488s ]
INFO: [ view_parse ] --END-- [ RunTime:0.003509s ]
INFO: [ view_filter ] --START--
INFO: Run Behavior\WriteHtmlCacheBehavior [ RunTime:0.000203s ]
INFO: [ view_filter ] --END-- [ RunTime:0.000224s ]
INFO: [ app_end ] --START--
INFO: Run Behavior\ShowPageTraceBehavior [ RunTime:0.000381s ]
INFO: [ app_end ] --END-- [ RunTime:0.000402s ]

[ 2017-08-30T00:08:40+08:00 ] 127.0.0.1 /index.php/Admin/Admin/lst.html
INFO: [ app_init ] --START--
INFO: Run Behavior\BuildLiteBehavior [ RunTime:0.000007s ]
INFO: [ app_init ] --END-- [ RunTime:0.000310s ]
INFO: [ app_begin ] --START--
INFO: Run Behavior\ReadHtmlCacheBehavior [ RunTime:0.000396s ]
INFO: [ app_begin ] --END-- [ RunTime:0.000422s ]
NOTIC: [8192] mysql_connect(): The mysql extension is deprecated and will be removed in the future: use mysqli or PDO instead D:\php\phpStudy\WWW\webshop\ThinkPHP\Library\Think\Db\Driver\Mysql.class.php 第 52 行.
SQL: SHOW COLUMNS FROM `jxshop_admin` [ RunTime:0.002888s ]
SQL: SELECT COUNT(*) AS tp_count FROM jxshop_admin a LIMIT 1   [ RunTime:0.000260s ]
SQL: SELECT * FROM jxshop_admin a GROUP BY a.id LIMIT 0,20   [ RunTime:0.000226s ]
INFO: [ view_parse ] --START--
INFO: [ template_filter ] --START--
INFO: Run Behavior\ContentReplaceBehavior [ RunTime:0.000020s ]
INFO: [ template_filter ] --END-- [ RunTime:0.000044s ]
INFO: Run Behavior\ParseTemplateBehavior [ RunTime:0.003579s ]
INFO: [ view_parse ] --END-- [ RunTime:0.003605s ]
INFO: [ view_filter ] --START--
INFO: Run Behavior\WriteHtmlCacheBehavior [ RunTime:0.000245s ]
INFO: [ view_filter ] --END-- [ RunTime:0.000267s ]
INFO: [ app_end ] --START--
INFO: Run Behavior\ShowPageTraceBehavior [ RunTime:0.000382s ]
INFO: [ app_end ] --END-- [ RunTime:0.000405s ]

[ 2017-08-30T00:08:42+08:00 ] 127.0.0.1 /index.php/Admin/Admin/edit/id/6.html
INFO: [ app_init ] --START--
INFO: Run Behavior\BuildLiteBehavior [ RunTime:0.000007s ]
INFO: [ app_init ] --END-- [ RunTime:0.000276s ]
INFO: [ app_begin ] --START--
INFO: Run Behavior\ReadHtmlCacheBehavior [ RunTime:0.000332s ]
INFO: [ app_begin ] --END-- [ RunTime:0.000375s ]
NOTIC: [8192] mysql_connect(): The mysql extension is deprecated and will be removed in the future: use mysqli or PDO instead D:\php\phpStudy\WWW\webshop\ThinkPHP\Library\Think\Db\Driver\Mysql.class.php 第 52 行.
SQL: SHOW COLUMNS FROM `jxshop_admin` [ RunTime:0.002349s ]
SQL: SELECT * FROM `jxshop_admin` WHERE ( `id` = 6 ) LIMIT 1   [ RunTime:0.000204s ]
SQL: SHOW COLUMNS FROM `jxshop_admin_role` [ RunTime:0.002567s ]
SQL: SELECT GROUP_CONCAT(role_id) rid FROM `jxshop_admin_role` WHERE ( `admin_id` = '6' ) LIMIT 1   [ RunTime:0.000277s ]
SQL: SHOW COLUMNS FROM `jxshop_role` [ RunTime:0.002603s ]
SQL: SELECT * FROM `jxshop_role`  [ RunTime:0.000210s ]
INFO: [ view_parse ] --START--
INFO: [ template_filter ] --START--
INFO: Run Behavior\ContentReplaceBehavior [ RunTime:0.000026s ]
INFO: [ template_filter ] --END-- [ RunTime:0.000052s ]
INFO: Run Behavior\ParseTemplateBehavior [ RunTime:0.003411s ]
INFO: [ view_parse ] --END-- [ RunTime:0.003439s ]
INFO: [ view_filter ] --START--
INFO: Run Behavior\WriteHtmlCacheBehavior [ RunTime:0.000206s ]
INFO: [ view_filter ] --END-- [ RunTime:0.000225s ]
INFO: [ app_end ] --START--
INFO: Run Behavior\ShowPageTraceBehavior [ RunTime:0.000313s ]
INFO: [ app_end ] --END-- [ RunTime:0.000349s ]

[ 2017-08-30T00:13:46+08:00 ] 127.0.0.1 /index.php/Admin/Admin/edit/id/6.html
INFO: [ app_init ] --START--
INFO: Run Behavior\BuildLiteBehavior [ RunTime:0.000008s ]
INFO: [ app_init ] --END-- [ RunTime:0.000332s ]
INFO: [ app_begin ] --START--
INFO: Run Behavior\ReadHtmlCacheBehavior [ RunTime:0.000360s ]
INFO: [ app_begin ] --END-- [ RunTime:0.000387s ]
NOTIC: [8192] mysql_connect(): The mysql extension is deprecated and will be removed in the future: use mysqli or PDO instead D:\php\phpStudy\WWW\webshop\ThinkPHP\Library\Think\Db\Driver\Mysql.class.php 第 52 行.
SQL: SHOW COLUMNS FROM `jxshop_admin` [ RunTime:0.002584s ]
SQL: SHOW COLUMNS FROM `jxshop_admin_role` [ RunTime:0.002271s ]
SQL: DELETE FROM `jxshop_admin_role` WHERE ( `admin_id` = 6 ) [ RunTime:0.000250s ]
SQL: INSERT INTO `jxshop_admin_role` (`admin_id`,`role_id`) VALUES (6,1) [ RunTime:0.000177s ]
SQL: UPDATE `jxshop_admin` SET `username`='wangjinzhi',`password`='888' WHERE ( `id` = 6 ) [ RunTime:0.000266s ]
INFO: [ view_parse ] --START--
INFO: [ template_filter ] --START--
INFO: Run Behavior\ContentReplaceBehavior [ RunTime:0.000036s ]
INFO: [ template_filter ] --END-- [ RunTime:0.000085s ]
INFO: Run Behavior\ParseTemplateBehavior [ RunTime:0.008488s ]
INFO: [ view_parse ] --END-- [ RunTime:0.008516s ]
INFO: [ view_filter ] --START--
INFO: Run Behavior\WriteHtmlCacheBehavior [ RunTime:0.000259s ]
INFO: [ view_filter ] --END-- [ RunTime:0.000281s ]

[ 2017-08-30T00:13:48+08:00 ] 127.0.0.1 /index.php/Admin/Admin/lst/p/1.html
INFO: [ app_init ] --START--
INFO: Run Behavior\BuildLiteBehavior [ RunTime:0.000007s ]
INFO: [ app_init ] --END-- [ RunTime:0.000302s ]
INFO: [ app_begin ] --START--
INFO: Run Behavior\ReadHtmlCacheBehavior [ RunTime:0.000373s ]
INFO: [ app_begin ] --END-- [ RunTime:0.000399s ]
NOTIC: [8192] mysql_connect(): The mysql extension is deprecated and will be removed in the future: use mysqli or PDO instead D:\php\phpStudy\WWW\webshop\ThinkPHP\Library\Think\Db\Driver\Mysql.class.php 第 52 行.
SQL: SHOW COLUMNS FROM `jxshop_admin` [ RunTime:0.002576s ]
SQL: SELECT COUNT(*) AS tp_count FROM jxshop_admin a LIMIT 1   [ RunTime:0.000168s ]
SQL: SELECT * FROM jxshop_admin a GROUP BY a.id LIMIT 0,20   [ RunTime:0.000205s ]
INFO: [ view_parse ] --START--
INFO: [ template_filter ] --START--
INFO: Run Behavior\ContentReplaceBehavior [ RunTime:0.000051s ]
INFO: [ template_filter ] --END-- [ RunTime:0.000083s ]
INFO: Run Behavior\ParseTemplateBehavior [ RunTime:0.004364s ]
INFO: [ view_parse ] --END-- [ RunTime:0.004394s ]
INFO: [ view_filter ] --START--
INFO: Run Behavior\WriteHtmlCacheBehavior [ RunTime:0.000188s ]
INFO: [ view_filter ] --END-- [ RunTime:0.000208s ]
INFO: [ app_end ] --START--
INFO: Run Behavior\ShowPageTraceBehavior [ RunTime:0.000367s ]
INFO: [ app_end ] --END-- [ RunTime:0.000389s ]

[ 2017-08-30T00:17:00+08:00 ] 127.0.0.1 /index.php/Admin/Admin/edit/id/6/p/1.html
INFO: [ app_init ] --START--
INFO: Run Behavior\BuildLiteBehavior [ RunTime:0.000007s ]
INFO: [ app_init ] --END-- [ RunTime:0.000363s ]
INFO: [ app_begin ] --START--
INFO: Run Behavior\ReadHtmlCacheBehavior [ RunTime:0.000432s ]
INFO: [ app_begin ] --END-- [ RunTime:0.000459s ]
NOTIC: [8192] mysql_connect(): The mysql extension is deprecated and will be removed in the future: use mysqli or PDO instead D:\php\phpStudy\WWW\webshop\ThinkPHP\Library\Think\Db\Driver\Mysql.class.php 第 52 行.
SQL: SHOW COLUMNS FROM `jxshop_admin` [ RunTime:0.002257s ]
SQL: SELECT * FROM `jxshop_admin` WHERE ( `id` = 6 ) LIMIT 1   [ RunTime:0.000161s ]
SQL: SHOW COLUMNS FROM `jxshop_admin_role` [ RunTime:0.002075s ]
SQL: SELECT GROUP_CONCAT(role_id) rid FROM `jxshop_admin_role` WHERE ( `admin_id` = '6' ) LIMIT 1   [ RunTime:0.000224s ]
SQL: SHOW COLUMNS FROM `jxshop_role` [ RunTime:0.002026s ]
SQL: SELECT * FROM `jxshop_role`  [ RunTime:0.000177s ]
INFO: [ view_parse ] --START--
INFO: [ template_filter ] --START--
INFO: Run Behavior\ContentReplaceBehavior [ RunTime:0.000023s ]
INFO: [ template_filter ] --END-- [ RunTime:0.000048s ]
INFO: Run Behavior\ParseTemplateBehavior [ RunTime:0.003647s ]
INFO: [ view_parse ] --END-- [ RunTime:0.003675s ]
INFO: [ view_filter ] --START--
INFO: Run Behavior\WriteHtmlCacheBehavior [ RunTime:0.000216s ]
INFO: [ view_filter ] --END-- [ RunTime:0.000235s ]
INFO: [ app_end ] --START--
INFO: Run Behavior\ShowPageTraceBehavior [ RunTime:0.000381s ]
INFO: [ app_end ] --END-- [ RunTime:0.000405s ]

[ 2017-08-30T00:17:06+08:00 ] 127.0.0.1 /index.php/Admin/Admin/lst/p/1.html
INFO: [ app_init ] --START--
INFO: Run Behavior\BuildLiteBehavior [ RunTime:0.000006s ]
INFO: [ app_init ] --END-- [ RunTime:0.000280s ]
INFO: [ app_begin ] --START--
INFO: Run Behavior\ReadHtmlCacheBehavior [ RunTime:0.000319s ]
INFO: [ app_begin ] --END-- [ RunTime:0.000343s ]
NOTIC: [8192] mysql_connect(): The mysql extension is deprecated and will be removed in the future: use mysqli or PDO instead D:\php\phpStudy\WWW\webshop\ThinkPHP\Library\Think\Db\Driver\Mysql.class.php 第 52 行.
SQL: SHOW COLUMNS FROM `jxshop_admin` [ RunTime:0.002736s ]
SQL: SELECT COUNT(*) AS tp_count FROM jxshop_admin a LIMIT 1   [ RunTime:0.000189s ]
SQL: SELECT * FROM jxshop_admin a GROUP BY a.id LIMIT 0,20   [ RunTime:0.000286s ]
INFO: [ view_parse ] --START--
INFO: [ template_filter ] --START--
INFO: Run Behavior\ContentReplaceBehavior [ RunTime:0.000023s ]
INFO: [ template_filter ] --END-- [ RunTime:0.000051s ]
INFO: Run Behavior\ParseTemplateBehavior [ RunTime:0.003923s ]
INFO: [ view_parse ] --END-- [ RunTime:0.003950s ]
INFO: [ view_filter ] --START--
INFO: Run Behavior\WriteHtmlCacheBehavior [ RunTime:0.000227s ]
INFO: [ view_filter ] --END-- [ RunTime:0.000249s ]
INFO: [ app_end ] --START--
INFO: Run Behavior\ShowPageTraceBehavior [ RunTime:0.000343s ]
INFO: [ app_end ] --END-- [ RunTime:0.000365s ]

[ 2017-08-30T00:17:11+08:00 ] 127.0.0.1 /index.php/Admin/Admin/edit/id/6/p/1.html
INFO: [ app_init ] --START--
INFO: Run Behavior\BuildLiteBehavior [ RunTime:0.000007s ]
INFO: [ app_init ] --END-- [ RunTime:0.000282s ]
INFO: [ app_begin ] --START--
INFO: Run Behavior\ReadHtmlCacheBehavior [ RunTime:0.000318s ]
INFO: [ app_begin ] --END-- [ RunTime:0.000344s ]
NOTIC: [8192] mysql_connect(): The mysql extension is deprecated and will be removed in the future: use mysqli or PDO instead D:\php\phpStudy\WWW\webshop\ThinkPHP\Library\Think\Db\Driver\Mysql.class.php 第 52 行.
SQL: SHOW COLUMNS FROM `jxshop_admin` [ RunTime:0.002923s ]
SQL: SELECT * FROM `jxshop_admin` WHERE ( `id` = 6 ) LIMIT 1   [ RunTime:0.000249s ]
SQL: SHOW COLUMNS FROM `jxshop_admin_role` [ RunTime:0.003097s ]
SQL: SELECT GROUP_CONCAT(role_id) rid FROM `jxshop_admin_role` WHERE ( `admin_id` = '6' ) LIMIT 1   [ RunTime:0.000281s ]
SQL: SHOW COLUMNS FROM `jxshop_role` [ RunTime:0.002988s ]
SQL: SELECT * FROM `jxshop_role`  [ RunTime:0.000282s ]
INFO: [ view_parse ] --START--
INFO: [ template_filter ] --START--
INFO: Run Behavior\ContentReplaceBehavior [ RunTime:0.000026s ]
INFO: [ template_filter ] --END-- [ RunTime:0.000057s ]
INFO: Run Behavior\ParseTemplateBehavior [ RunTime:0.004393s ]
INFO: [ view_parse ] --END-- [ RunTime:0.004424s ]
INFO: [ view_filter ] --START--
INFO: Run Behavior\WriteHtmlCacheBehavior [ RunTime:0.000213s ]
INFO: [ view_filter ] --END-- [ RunTime:0.000233s ]
INFO: [ app_end ] --START--
INFO: Run Behavior\ShowPageTraceBehavior [ RunTime:0.000381s ]
INFO: [ app_end ] --END-- [ RunTime:0.000403s ]

[ 2017-08-30T00:17:14+08:00 ] 127.0.0.1 /index.php/Admin/Admin/edit/id/6/p/1.html
INFO: [ app_init ] --START--
INFO: Run Behavior\BuildLiteBehavior [ RunTime:0.000007s ]
INFO: [ app_init ] --END-- [ RunTime:0.000270s ]
INFO: [ app_begin ] --START--
INFO: Run Behavior\ReadHtmlCacheBehavior [ RunTime:0.000324s ]
INFO: [ app_begin ] --END-- [ RunTime:0.000347s ]
NOTIC: [8192] mysql_connect(): The mysql extension is deprecated and will be removed in the future: use mysqli or PDO instead D:\php\phpStudy\WWW\webshop\ThinkPHP\Library\Think\Db\Driver\Mysql.class.php 第 52 行.
SQL: SHOW COLUMNS FROM `jxshop_admin` [ RunTime:0.002859s ]
SQL: SHOW COLUMNS FROM `jxshop_admin_role` [ RunTime:0.002371s ]
SQL: DELETE FROM `jxshop_admin_role` WHERE ( `admin_id` = 6 ) [ RunTime:0.000257s ]
SQL: INSERT INTO `jxshop_admin_role` (`admin_id`,`role_id`) VALUES (6,1) [ RunTime:0.000171s ]
SQL: INSERT INTO `jxshop_admin_role` (`admin_id`,`role_id`) VALUES (6,2) [ RunTime:0.000165s ]
SQL: UPDATE `jxshop_admin` SET `username`='wangjinzhi',`password`='0a113ef6b61820daa5611c870ed8d5ee' WHERE ( `id` = 6 ) [ RunTime:0.000229s ]
INFO: [ view_parse ] --START--
INFO: [ template_filter ] --START--
INFO: Run Behavior\ContentReplaceBehavior [ RunTime:0.000020s ]
INFO: [ template_filter ] --END-- [ RunTime:0.000046s ]
INFO: Run Behavior\ParseTemplateBehavior [ RunTime:0.003321s ]
INFO: [ view_parse ] --END-- [ RunTime:0.003349s ]
INFO: [ view_filter ] --START--
INFO: Run Behavior\WriteHtmlCacheBehavior [ RunTime:0.000186s ]
INFO: [ view_filter ] --END-- [ RunTime:0.000204s ]

[ 2017-08-30T00:17:16+08:00 ] 127.0.0.1 /index.php/Admin/Admin/lst/p/1.html
INFO: [ app_init ] --START--
INFO: Run Behavior\BuildLiteBehavior [ RunTime:0.000007s ]
INFO: [ app_init ] --END-- [ RunTime:0.000287s ]
INFO: [ app_begin ] --START--
INFO: Run Behavior\ReadHtmlCacheBehavior [ RunTime:0.000329s ]
INFO: [ app_begin ] --END-- [ RunTime:0.000354s ]
NOTIC: [8192] mysql_connect(): The mysql extension is deprecated and will be removed in the future: use mysqli or PDO instead D:\php\phpStudy\WWW\webshop\ThinkPHP\Library\Think\Db\Driver\Mysql.class.php 第 52 行.
SQL: SHOW COLUMNS FROM `jxshop_admin` [ RunTime:0.002454s ]
SQL: SELECT COUNT(*) AS tp_count FROM jxshop_admin a LIMIT 1   [ RunTime:0.000150s ]
SQL: SELECT * FROM jxshop_admin a GROUP BY a.id LIMIT 0,20   [ RunTime:0.000158s ]
INFO: [ view_parse ] --START--
INFO: [ template_filter ] --START--
INFO: Run Behavior\ContentReplaceBehavior [ RunTime:0.000021s ]
INFO: [ template_filter ] --END-- [ RunTime:0.000045s ]
INFO: Run Behavior\ParseTemplateBehavior [ RunTime:0.003247s ]
INFO: [ view_parse ] --END-- [ RunTime:0.003272s ]
INFO: [ view_filter ] --START--
INFO: Run Behavior\WriteHtmlCacheBehavior [ RunTime:0.000218s ]
INFO: [ view_filter ] --END-- [ RunTime:0.000240s ]
INFO: [ app_end ] --START--
INFO: Run Behavior\ShowPageTraceBehavior [ RunTime:0.000345s ]
INFO: [ app_end ] --END-- [ RunTime:0.000367s ]

[ 2017-08-30T00:17:22+08:00 ] 127.0.0.1 /index.php/Admin/Admin/delete/id/6/p/1.html
INFO: [ app_init ] --START--
INFO: Run Behavior\BuildLiteBehavior [ RunTime:0.000007s ]
INFO: [ app_init ] --END-- [ RunTime:0.000286s ]
INFO: [ app_begin ] --START--
INFO: Run Behavior\ReadHtmlCacheBehavior [ RunTime:0.000369s ]
INFO: [ app_begin ] --END-- [ RunTime:0.000394s ]
NOTIC: [8192] mysql_connect(): The mysql extension is deprecated and will be removed in the future: use mysqli or PDO instead D:\php\phpStudy\WWW\webshop\ThinkPHP\Library\Think\Db\Driver\Mysql.class.php 第 52 行.
SQL: SHOW COLUMNS FROM `jxshop_admin` [ RunTime:0.002419s ]
SQL: SHOW COLUMNS FROM `jxshop_admin_role` [ RunTime:0.002291s ]
SQL: DELETE FROM `jxshop_admin_role` WHERE ( `admin_id` = 6 ) [ RunTime:0.000172s ]
SQL: DELETE FROM `jxshop_admin` WHERE ( `id` = 6 ) [ RunTime:0.000182s ]
INFO: [ view_parse ] --START--
INFO: [ template_filter ] --START--
INFO: Run Behavior\ContentReplaceBehavior [ RunTime:0.000018s ]
INFO: [ template_filter ] --END-- [ RunTime:0.000044s ]
INFO: Run Behavior\ParseTemplateBehavior [ RunTime:0.003226s ]
INFO: [ view_parse ] --END-- [ RunTime:0.003253s ]
INFO: [ view_filter ] --START--
INFO: Run Behavior\WriteHtmlCacheBehavior [ RunTime:0.000225s ]
INFO: [ view_filter ] --END-- [ RunTime:0.000246s ]

[ 2017-08-30T00:17:24+08:00 ] 127.0.0.1 /index.php/Admin/Admin/lst/p/1.html
INFO: [ app_init ] --START--
INFO: Run Behavior\BuildLiteBehavior [ RunTime:0.000009s ]
INFO: [ app_init ] --END-- [ RunTime:0.000266s ]
INFO: [ app_begin ] --START--
INFO: Run Behavior\ReadHtmlCacheBehavior [ RunTime:0.000468s ]
INFO: [ app_begin ] --END-- [ RunTime:0.000503s ]
NOTIC: [8192] mysql_connect(): The mysql extension is deprecated and will be removed in the future: use mysqli or PDO instead D:\php\phpStudy\WWW\webshop\ThinkPHP\Library\Think\Db\Driver\Mysql.class.php 第 52 行.
SQL: SHOW COLUMNS FROM `jxshop_admin` [ RunTime:0.002521s ]
SQL: SELECT COUNT(*) AS tp_count FROM jxshop_admin a LIMIT 1   [ RunTime:0.000178s ]
SQL: SELECT * FROM jxshop_admin a GROUP BY a.id LIMIT 0,20   [ RunTime:0.000164s ]
INFO: [ view_parse ] --START--
INFO: [ template_filter ] --START--
INFO: Run Behavior\ContentReplaceBehavior [ RunTime:0.000021s ]
INFO: [ template_filter ] --END-- [ RunTime:0.000046s ]
INFO: Run Behavior\ParseTemplateBehavior [ RunTime:0.003344s ]
INFO: [ view_parse ] --END-- [ RunTime:0.003370s ]
INFO: [ view_filter ] --START--
INFO: Run Behavior\WriteHtmlCacheBehavior [ RunTime:0.000185s ]
INFO: [ view_filter ] --END-- [ RunTime:0.000205s ]
INFO: [ app_end ] --START--
INFO: Run Behavior\ShowPageTraceBehavior [ RunTime:0.000343s ]
INFO: [ app_end ] --END-- [ RunTime:0.000365s ]

[ 2017-08-30T00:17:29+08:00 ] 127.0.0.1 /index.php/Admin/Admin/add.html
INFO: [ app_init ] --START--
INFO: Run Behavior\BuildLiteBehavior [ RunTime:0.000007s ]
INFO: [ app_init ] --END-- [ RunTime:0.000400s ]
INFO: [ app_begin ] --START--
INFO: Run Behavior\ReadHtmlCacheBehavior [ RunTime:0.000448s ]
INFO: [ app_begin ] --END-- [ RunTime:0.000474s ]
NOTIC: [8192] mysql_connect(): The mysql extension is deprecated and will be removed in the future: use mysqli or PDO instead D:\php\phpStudy\WWW\webshop\ThinkPHP\Library\Think\Db\Driver\Mysql.class.php 第 52 行.
SQL: SHOW COLUMNS FROM `jxshop_role` [ RunTime:0.002307s ]
SQL: SELECT * FROM `jxshop_role`  [ RunTime:0.000181s ]
INFO: [ view_parse ] --START--
INFO: [ template_filter ] --START--
INFO: Run Behavior\ContentReplaceBehavior [ RunTime:0.000024s ]
INFO: [ template_filter ] --END-- [ RunTime:0.000049s ]
INFO: Run Behavior\ParseTemplateBehavior [ RunTime:0.003503s ]
INFO: [ view_parse ] --END-- [ RunTime:0.003531s ]
INFO: [ view_filter ] --START--
INFO: Run Behavior\WriteHtmlCacheBehavior [ RunTime:0.000182s ]
INFO: [ view_filter ] --END-- [ RunTime:0.000201s ]
INFO: [ app_end ] --START--
INFO: Run Behavior\ShowPageTraceBehavior [ RunTime:0.000311s ]
INFO: [ app_end ] --END-- [ RunTime:0.000331s ]

[ 2017-08-30T00:17:33+08:00 ] 127.0.0.1 /index.php/Admin/Admin/add.html
INFO: [ app_init ] --START--
INFO: Run Behavior\BuildLiteBehavior [ RunTime:0.000007s ]
INFO: [ app_init ] --END-- [ RunTime:0.000290s ]
INFO: [ app_begin ] --START--
INFO: Run Behavior\ReadHtmlCacheBehavior [ RunTime:0.000332s ]
INFO: [ app_begin ] --END-- [ RunTime:0.000358s ]
NOTIC: [8192] mysql_connect(): The mysql extension is deprecated and will be removed in the future: use mysqli or PDO instead D:\php\phpStudy\WWW\webshop\ThinkPHP\Library\Think\Db\Driver\Mysql.class.php 第 52 行.
SQL: SHOW COLUMNS FROM `jxshop_admin` [ RunTime:0.002544s ]
SQL: INSERT INTO `jxshop_admin` (`username`,`password`) VALUES ('wangjinzhi','888') [ RunTime:0.000200s ]
SQL: SHOW COLUMNS FROM `jxshop_admin_role` [ RunTime:0.008310s ]
SQL: INSERT INTO `jxshop_admin_role` (`admin_id`,`role_id`) VALUES (7,1) [ RunTime:0.000209s ]
SQL: INSERT INTO `jxshop_admin_role` (`admin_id`,`role_id`) VALUES (7,2) [ RunTime:0.000185s ]
INFO: [ view_parse ] --START--
INFO: [ template_filter ] --START--
INFO: Run Behavior\ContentReplaceBehavior [ RunTime:0.000017s ]
INFO: [ template_filter ] --END-- [ RunTime:0.000041s ]
INFO: Run Behavior\ParseTemplateBehavior [ RunTime:0.003022s ]
INFO: [ view_parse ] --END-- [ RunTime:0.003047s ]
INFO: [ view_filter ] --START--
INFO: Run Behavior\WriteHtmlCacheBehavior [ RunTime:0.000191s ]
INFO: [ view_filter ] --END-- [ RunTime:0.000209s ]

[ 2017-08-30T00:17:35+08:00 ] 127.0.0.1 /index.php/Admin/Admin/lst.html
INFO: [ app_init ] --START--
INFO: Run Behavior\BuildLiteBehavior [ RunTime:0.000008s ]
INFO: [ app_init ] --END-- [ RunTime:0.000332s ]
INFO: [ app_begin ] --START--
INFO: Run Behavior\ReadHtmlCacheBehavior [ RunTime:0.000324s ]
INFO: [ app_begin ] --END-- [ RunTime:0.000349s ]
NOTIC: [8192] mysql_connect(): The mysql extension is deprecated and will be removed in the future: use mysqli or PDO instead D:\php\phpStudy\WWW\webshop\ThinkPHP\Library\Think\Db\Driver\Mysql.class.php 第 52 行.
SQL: SHOW COLUMNS FROM `jxshop_admin` [ RunTime:0.002330s ]
SQL: SELECT COUNT(*) AS tp_count FROM jxshop_admin a LIMIT 1   [ RunTime:0.000168s ]
SQL: SELECT * FROM jxshop_admin a GROUP BY a.id LIMIT 0,20   [ RunTime:0.000179s ]
INFO: [ view_parse ] --START--
INFO: [ template_filter ] --START--
INFO: Run Behavior\ContentReplaceBehavior [ RunTime:0.000021s ]
INFO: [ template_filter ] --END-- [ RunTime:0.000047s ]
INFO: Run Behavior\ParseTemplateBehavior [ RunTime:0.003264s ]
INFO: [ view_parse ] --END-- [ RunTime:0.003290s ]
INFO: [ view_filter ] --START--
INFO: Run Behavior\WriteHtmlCacheBehavior [ RunTime:0.000233s ]
INFO: [ view_filter ] --END-- [ RunTime:0.000255s ]
INFO: [ app_end ] --START--
INFO: Run Behavior\ShowPageTraceBehavior [ RunTime:0.000386s ]
INFO: [ app_end ] --END-- [ RunTime:0.000409s ]

[ 2017-08-30T00:18:45+08:00 ] 127.0.0.1 /index.php/Admin/Admin/delete/id/7.html
INFO: [ app_init ] --START--
INFO: Run Behavior\BuildLiteBehavior [ RunTime:0.000007s ]
INFO: [ app_init ] --END-- [ RunTime:0.000311s ]
INFO: [ app_begin ] --START--
INFO: Run Behavior\ReadHtmlCacheBehavior [ RunTime:0.000339s ]
INFO: [ app_begin ] --END-- [ RunTime:0.000363s ]
NOTIC: [8192] mysql_connect(): The mysql extension is deprecated and will be removed in the future: use mysqli or PDO instead D:\php\phpStudy\WWW\webshop\ThinkPHP\Library\Think\Db\Driver\Mysql.class.php 第 52 行.
SQL: SHOW COLUMNS FROM `jxshop_admin` [ RunTime:0.002919s ]
SQL: SHOW COLUMNS FROM `jxshop_admin_role` [ RunTime:0.002229s ]
SQL: DELETE FROM `jxshop_admin_role` WHERE ( `admin_id` = 7 ) [ RunTime:0.000232s ]
SQL: DELETE FROM `jxshop_admin` WHERE ( `id` = 7 ) [ RunTime:0.000185s ]
INFO: [ view_parse ] --START--
INFO: [ template_filter ] --START--
INFO: Run Behavior\ContentReplaceBehavior [ RunTime:0.000018s ]
INFO: [ template_filter ] --END-- [ RunTime:0.000044s ]
INFO: Run Behavior\ParseTemplateBehavior [ RunTime:0.003274s ]
INFO: [ view_parse ] --END-- [ RunTime:0.003300s ]
INFO: [ view_filter ] --START--
INFO: Run Behavior\WriteHtmlCacheBehavior [ RunTime:0.000209s ]
INFO: [ view_filter ] --END-- [ RunTime:0.000228s ]

[ 2017-08-30T00:18:47+08:00 ] 127.0.0.1 /index.php/Admin/Admin/lst/p/1.html
INFO: [ app_init ] --START--
INFO: Run Behavior\BuildLiteBehavior [ RunTime:0.000007s ]
INFO: [ app_init ] --END-- [ RunTime:0.000234s ]
INFO: [ app_begin ] --START--
INFO: Run Behavior\ReadHtmlCacheBehavior [ RunTime:0.000333s ]
INFO: [ app_begin ] --END-- [ RunTime:0.000359s ]
NOTIC: [8192] mysql_connect(): The mysql extension is deprecated and will be removed in the future: use mysqli or PDO instead D:\php\phpStudy\WWW\webshop\ThinkPHP\Library\Think\Db\Driver\Mysql.class.php 第 52 行.
SQL: SHOW COLUMNS FROM `jxshop_admin` [ RunTime:0.002233s ]
SQL: SELECT COUNT(*) AS tp_count FROM jxshop_admin a LIMIT 1   [ RunTime:0.000134s ]
SQL: SELECT * FROM jxshop_admin a GROUP BY a.id LIMIT 0,20   [ RunTime:0.000199s ]
INFO: [ view_parse ] --START--
INFO: [ template_filter ] --START--
INFO: Run Behavior\ContentReplaceBehavior [ RunTime:0.000020s ]
INFO: [ template_filter ] --END-- [ RunTime:0.000045s ]
INFO: Run Behavior\ParseTemplateBehavior [ RunTime:0.003345s ]
INFO: [ view_parse ] --END-- [ RunTime:0.003371s ]
INFO: [ view_filter ] --START--
INFO: Run Behavior\WriteHtmlCacheBehavior [ RunTime:0.000207s ]
INFO: [ view_filter ] --END-- [ RunTime:0.000226s ]
INFO: [ app_end ] --START--
INFO: Run Behavior\ShowPageTraceBehavior [ RunTime:0.000331s ]
INFO: [ app_end ] --END-- [ RunTime:0.000352s ]

[ 2017-08-30T00:18:50+08:00 ] 127.0.0.1 /index.php/Admin/Admin/add.html
INFO: [ app_init ] --START--
INFO: Run Behavior\BuildLiteBehavior [ RunTime:0.000007s ]
INFO: [ app_init ] --END-- [ RunTime:0.000290s ]
INFO: [ app_begin ] --START--
INFO: Run Behavior\ReadHtmlCacheBehavior [ RunTime:0.000310s ]
INFO: [ app_begin ] --END-- [ RunTime:0.000335s ]
NOTIC: [8192] mysql_connect(): The mysql extension is deprecated and will be removed in the future: use mysqli or PDO instead D:\php\phpStudy\WWW\webshop\ThinkPHP\Library\Think\Db\Driver\Mysql.class.php 第 52 行.
SQL: SHOW COLUMNS FROM `jxshop_role` [ RunTime:0.002160s ]
SQL: SELECT * FROM `jxshop_role`  [ RunTime:0.000182s ]
INFO: [ view_parse ] --START--
INFO: [ template_filter ] --START--
INFO: Run Behavior\ContentReplaceBehavior [ RunTime:0.000024s ]
INFO: [ template_filter ] --END-- [ RunTime:0.000048s ]
INFO: Run Behavior\ParseTemplateBehavior [ RunTime:0.003330s ]
INFO: [ view_parse ] --END-- [ RunTime:0.003357s ]
INFO: [ view_filter ] --START--
INFO: Run Behavior\WriteHtmlCacheBehavior [ RunTime:0.000208s ]
INFO: [ view_filter ] --END-- [ RunTime:0.000227s ]
INFO: [ app_end ] --START--
INFO: Run Behavior\ShowPageTraceBehavior [ RunTime:0.000355s ]
INFO: [ app_end ] --END-- [ RunTime:0.000375s ]

[ 2017-08-30T00:18:56+08:00 ] 127.0.0.1 /index.php/Admin/Admin/add.html
INFO: [ app_init ] --START--
INFO: Run Behavior\BuildLiteBehavior [ RunTime:0.000007s ]
INFO: [ app_init ] --END-- [ RunTime:0.000294s ]
INFO: [ app_begin ] --START--
INFO: Run Behavior\ReadHtmlCacheBehavior [ RunTime:0.000328s ]
INFO: [ app_begin ] --END-- [ RunTime:0.000354s ]
NOTIC: [8192] mysql_connect(): The mysql extension is deprecated and will be removed in the future: use mysqli or PDO instead D:\php\phpStudy\WWW\webshop\ThinkPHP\Library\Think\Db\Driver\Mysql.class.php 第 52 行.
SQL: SHOW COLUMNS FROM `jxshop_admin` [ RunTime:0.002300s ]
SQL: INSERT INTO `jxshop_admin` (`username`,`password`) VALUES ('wangjinzhi','0a113ef6b61820daa5611c870ed8d5ee') [ RunTime:0.000185s ]
SQL: SHOW COLUMNS FROM `jxshop_admin_role` [ RunTime:0.002150s ]
SQL: INSERT INTO `jxshop_admin_role` (`admin_id`,`role_id`) VALUES (8,1) [ RunTime:0.000206s ]
SQL: INSERT INTO `jxshop_admin_role` (`admin_id`,`role_id`) VALUES (8,2) [ RunTime:0.000155s ]
INFO: [ view_parse ] --START--
INFO: [ template_filter ] --START--
INFO: Run Behavior\ContentReplaceBehavior [ RunTime:0.000019s ]
INFO: [ template_filter ] --END-- [ RunTime:0.000045s ]
INFO: Run Behavior\ParseTemplateBehavior [ RunTime:0.003596s ]
INFO: [ view_parse ] --END-- [ RunTime:0.003625s ]
INFO: [ view_filter ] --START--
INFO: Run Behavior\WriteHtmlCacheBehavior [ RunTime:0.000208s ]
INFO: [ view_filter ] --END-- [ RunTime:0.000227s ]

[ 2017-08-30T00:18:58+08:00 ] 127.0.0.1 /index.php/Admin/Admin/lst.html
INFO: [ app_init ] --START--
INFO: Run Behavior\BuildLiteBehavior [ RunTime:0.000007s ]
INFO: [ app_init ] --END-- [ RunTime:0.000294s ]
INFO: [ app_begin ] --START--
INFO: Run Behavior\ReadHtmlCacheBehavior [ RunTime:0.000328s ]
INFO: [ app_begin ] --END-- [ RunTime:0.000354s ]
NOTIC: [8192] mysql_connect(): The mysql extension is deprecated and will be removed in the future: use mysqli or PDO instead D:\php\phpStudy\WWW\webshop\ThinkPHP\Library\Think\Db\Driver\Mysql.class.php 第 52 行.
SQL: SHOW COLUMNS FROM `jxshop_admin` [ RunTime:0.002459s ]
SQL: SELECT COUNT(*) AS tp_count FROM jxshop_admin a LIMIT 1   [ RunTime:0.000184s ]
SQL: SELECT * FROM jxshop_admin a GROUP BY a.id LIMIT 0,20   [ RunTime:0.000231s ]
INFO: [ view_parse ] --START--
INFO: [ template_filter ] --START--
INFO: Run Behavior\ContentReplaceBehavior [ RunTime:0.000021s ]
INFO: [ template_filter ] --END-- [ RunTime:0.000046s ]
INFO: Run Behavior\ParseTemplateBehavior [ RunTime:0.003507s ]
INFO: [ view_parse ] --END-- [ RunTime:0.003535s ]
INFO: [ view_filter ] --START--
INFO: Run Behavior\WriteHtmlCacheBehavior [ RunTime:0.000226s ]
INFO: [ view_filter ] --END-- [ RunTime:0.000248s ]
INFO: [ app_end ] --START--
INFO: Run Behavior\ShowPageTraceBehavior [ RunTime:0.000341s ]
INFO: [ app_end ] --END-- [ RunTime:0.000363s ]

[ 2017-08-30T00:19:00+08:00 ] 127.0.0.1 /index.php/Admin/Admin/edit/id/8.html
INFO: [ app_init ] --START--
INFO: Run Behavior\BuildLiteBehavior [ RunTime:0.000007s ]
INFO: [ app_init ] --END-- [ RunTime:0.000238s ]
INFO: [ app_begin ] --START--
INFO: Run Behavior\ReadHtmlCacheBehavior [ RunTime:0.000447s ]
INFO: [ app_begin ] --END-- [ RunTime:0.000473s ]
NOTIC: [8192] mysql_connect(): The mysql extension is deprecated and will be removed in the future: use mysqli or PDO instead D:\php\phpStudy\WWW\webshop\ThinkPHP\Library\Think\Db\Driver\Mysql.class.php 第 52 行.
SQL: SHOW COLUMNS FROM `jxshop_admin` [ RunTime:0.002389s ]
SQL: SELECT * FROM `jxshop_admin` WHERE ( `id` = 8 ) LIMIT 1   [ RunTime:0.000194s ]
SQL: SHOW COLUMNS FROM `jxshop_admin_role` [ RunTime:0.002110s ]
SQL: SELECT GROUP_CONCAT(role_id) rid FROM `jxshop_admin_role` WHERE ( `admin_id` = '8' ) LIMIT 1   [ RunTime:0.000232s ]
SQL: SHOW COLUMNS FROM `jxshop_role` [ RunTime:0.002404s ]
SQL: SELECT * FROM `jxshop_role`  [ RunTime:0.000165s ]
INFO: [ view_parse ] --START--
INFO: [ template_filter ] --START--
INFO: Run Behavior\ContentReplaceBehavior [ RunTime:0.000026s ]
INFO: [ template_filter ] --END-- [ RunTime:0.000054s ]
INFO: Run Behavior\ParseTemplateBehavior [ RunTime:0.003638s ]
INFO: [ view_parse ] --END-- [ RunTime:0.003667s ]
INFO: [ view_filter ] --START--
INFO: Run Behavior\WriteHtmlCacheBehavior [ RunTime:0.000204s ]
INFO: [ view_filter ] --END-- [ RunTime:0.000225s ]
INFO: [ app_end ] --START--
INFO: Run Behavior\ShowPageTraceBehavior [ RunTime:0.000296s ]
INFO: [ app_end ] --END-- [ RunTime:0.000345s ]

